<?xml version="1.0" encoding="UTF-8"?>
<testsuite xmlns:xsi="http://www.w3.org/2001/XMLSchema-instance" xsi:noNamespaceSchemaLocation="https://maven.apache.org/surefire/maven-surefire-plugin/xsd/surefire-test-report.xsd" version="3.0.2" name="com.devops.CercleTest" time="0.105" tests="3" errors="0" skipped="0" failures="0">
  <properties>
[...]
</properties>
  <testcase name="testAire" classname="com.devops.CercleTest" time="0.01"/>
  <testcase name="testRayonNegatif" classname="com.devops.CercleTest" time="0.0"/>
  <testcase name="testPerimetre" classname="com.devops.CercleTest" time="0.0"/>
</testsuite>